2025-09-19 20:00:10.416 [main] INFO  org.testng.internal.Utils - [Utils] MethodGroupsHelper.collectMethodsByGroup() took 4 ms.
2025-09-19 20:00:10.461 [main] INFO  org.testng.internal.Utils - [Utils] MethodGroupsHelper.sortMethods() took 5 ms.
2025-09-19 20:00:10.468 [main] INFO  org.testng.internal.Utils - [Utils] MethodGroupsHelper.collectMethodsByGroup() took 0 ms.
2025-09-19 20:00:10.469 [main] INFO  org.testng.internal.Utils - [Utils] MethodGroupsHelper.sortMethods() took 0 ms.
2025-09-19 20:00:10.471 [main] INFO  org.testng.internal.Utils - [Utils] MethodGroupsHelper.collectMethodsByGroup() took 0 ms.
2025-09-19 20:00:10.471 [main] INFO  org.testng.internal.Utils - [Utils] MethodGroupsHelper.sortMethods() took 0 ms.
2025-09-19 20:00:10.474 [main] INFO  org.testng.internal.Utils - [Utils] MethodGroupsHelper.collectMethodsByGroup() took 0 ms.
2025-09-19 20:00:10.474 [main] INFO  org.testng.internal.Utils - [Utils] MethodGroupsHelper.sortMethods() took 0 ms.
2025-09-19 20:00:10.491 [main] INFO  org.testng.internal.Utils - [Utils] MethodGroupsHelper.collectMethodsByGroup() took 11 ms.
2025-09-19 20:00:10.550 [main] INFO  org.testng.internal.Utils - [Utils] MethodGroupsHelper.sortMethods() took 59 ms.
2025-09-19 20:00:10.558 [main] INFO  org.testng.internal.Utils - [Utils] MethodGroupsHelper.collectMethodsByGroup() took 2 ms.
2025-09-19 20:00:10.561 [main] INFO  org.testng.internal.Utils - [Utils] MethodGroupsHelper.sortMethods() took 0 ms.
2025-09-19 20:00:10.564 [main] INFO  org.testng.internal.Utils - [Utils] MethodGroupsHelper.collectMethodsByGroup() took 0 ms.
2025-09-19 20:00:10.565 [main] INFO  org.testng.internal.Utils - [Utils] MethodGroupsHelper.sortMethods() took 0 ms.
2025-09-19 20:00:10.568 [main] INFO  org.testng.internal.Utils - [Utils] MethodGroupsHelper.collectMethodsByGroup() took 0 ms.
2025-09-19 20:00:10.569 [main] INFO  org.testng.internal.Utils - [Utils] MethodGroupsHelper.sortMethods() took 0 ms.
2025-09-19 20:00:10.581 [main] INFO  org.testng.internal.Utils - [Utils] MethodGroupsHelper.collectMethodsByGroup() took 0 ms.
2025-09-19 20:00:10.582 [main] INFO  org.testng.internal.Utils - [Utils] MethodGroupsHelper.sortMethods() took 0 ms.
2025-09-19 20:00:10.584 [main] INFO  org.testng.internal.Utils - [Utils] MethodGroupsHelper.collectMethodsByGroup() took 0 ms.
2025-09-19 20:00:10.585 [main] INFO  org.testng.internal.Utils - [Utils] MethodGroupsHelper.sortMethods() took 0 ms.
2025-09-19 20:00:10.601 [main] INFO  org.testng.internal.Utils - [Utils] MethodGroupsHelper.collectMethodsByGroup() took 0 ms.
2025-09-19 20:00:10.602 [main] INFO  org.testng.internal.Utils - [Utils] MethodGroupsHelper.sortMethods() took 0 ms.
2025-09-19 20:00:10.603 [main] INFO  org.testng.internal.Utils - [Utils] MethodGroupsHelper.collectMethodsByGroup() took 0 ms.
2025-09-19 20:00:10.603 [main] INFO  org.testng.internal.Utils - [Utils] MethodGroupsHelper.sortMethods() took 0 ms.
2025-09-19 20:00:10.610 [main] INFO  org.testng.internal.Utils - [Utils] MethodGroupsHelper.collectMethodsByGroup() took 2 ms.
2025-09-19 20:00:10.612 [main] INFO  org.testng.internal.Utils - [Utils] MethodGroupsHelper.sortMethods() took 0 ms.
2025-09-19 20:00:10.622 [main] INFO  org.testng.internal.Utils - [Utils] MethodGroupsHelper.collectMethodsByGroup() took 0 ms.
2025-09-19 20:00:10.623 [main] INFO  org.testng.internal.Utils - [Utils] MethodGroupsHelper.sortMethods() took 0 ms.
2025-09-19 20:00:10.623 [main] INFO  org.testng.internal.Utils - [Utils] MethodGroupsHelper.collectMethodsByGroup() took 0 ms.
2025-09-19 20:00:10.624 [main] INFO  org.testng.internal.Utils - [Utils] MethodGroupsHelper.sortMethods() took 0 ms.
2025-09-19 20:00:10.664 [main] INFO  org.testng.internal.Utils - [TestNG] Running:
  C:\Users\sergious.beryl\AppData\Local\Temp\testng-eclipse--1294335918\testng-customsuite.xml

2025-09-19 20:00:10.742 [main] INFO  org.testng.internal.Utils - [Utils] DynamicGraphHelper.createDynamicGraph() took 15 ms.
2025-09-19 20:00:10.844 [main] INFO  testcases.accountApiTest.FavoritesTest - Initializing test session
2025-09-19 20:00:22.033 [main] INFO  testcases.accountApiTest.FavoritesTest - Initializing test data provider for favorites
2025-09-19 20:00:22.034 [main] DEBUG testcases.accountApiTest.FavoritesTest - Loading test data from Excel file
2025-09-19 20:00:23.558 [main] DEBUG testcases.accountApiTest.FavoritesTest - Successfully prepared test data provider
2025-09-19 20:00:23.602 [main] INFO  tmdbservices.account.AddRemoveFavorites - Starting addRemoveFavorites operation - MediaType: movie, MediaID: 496243, isFavorite: false
2025-09-19 20:00:23.602 [main] DEBUG tmdbservices.account.AddRemoveFavorites - Configuration loaded - BaseURI: https://api.themoviedb.org/3/, AccountID: 21967484
2025-09-19 20:00:23.603 [main] DEBUG tmdbservices.account.AddRemoveFavorites - Populating JSON template from path: C:\Users\sergious.beryl\git\TMDB_Automation\TMDBapi-Automation//src//test//resources//jasonPayload_Templates//Favorites.json
2025-09-19 20:00:23.608 [main] DEBUG tmdbservices.account.AddRemoveFavorites - Request body populated: {
    "media_type": "movie",
    "media_id": 496243,
    "favorite": false
}
2025-09-19 20:00:23.608 [main] INFO  tmdbservices.account.AddRemoveFavorites - Sending API request to add/remove favorites
2025-09-19 20:00:24.492 [main] DEBUG tmdbservices.account.AddRemoveFavorites - API Response - Status: 200, Body: {"success":true,"status_code":13,"status_message":"The item/record was deleted successfully."}
2025-09-19 20:00:24.494 [main] INFO  tmdbservices.account.AddRemoveFavorites - API request completed in 863 ms
2025-09-19 20:00:24.685 [main] INFO  tmdbservices.account.AddRemoveFavorites - Successfully completed addRemoveFavorites operation
2025-09-19 20:00:24.692 [main] INFO  tmdbservices.account.AddRemoveFavorites - Starting addRemoveFavorites operation - MediaType: movie, MediaID: 278, isFavorite: false
2025-09-19 20:00:24.693 [main] DEBUG tmdbservices.account.AddRemoveFavorites - Configuration loaded - BaseURI: https://api.themoviedb.org/3/, AccountID: 21967484
2025-09-19 20:00:24.693 [main] DEBUG tmdbservices.account.AddRemoveFavorites - Populating JSON template from path: C:\Users\sergious.beryl\git\TMDB_Automation\TMDBapi-Automation//src//test//resources//jasonPayload_Templates//Favorites.json
2025-09-19 20:00:24.695 [main] DEBUG tmdbservices.account.AddRemoveFavorites - Request body populated: {
    "media_type": "movie",
    "media_id": 278,
    "favorite": false
}
2025-09-19 20:00:24.695 [main] INFO  tmdbservices.account.AddRemoveFavorites - Sending API request to add/remove favorites
2025-09-19 20:00:25.540 [main] DEBUG tmdbservices.account.AddRemoveFavorites - API Response - Status: 200, Body: {"success":true,"status_code":13,"status_message":"The item/record was deleted successfully."}
2025-09-19 20:00:25.540 [main] INFO  tmdbservices.account.AddRemoveFavorites - API request completed in 824 ms
2025-09-19 20:00:25.600 [main] INFO  tmdbservices.account.AddRemoveFavorites - Successfully completed addRemoveFavorites operation
2025-09-19 20:00:25.608 [main] INFO  tmdbservices.account.AddRemoveFavorites - Starting addRemoveFavorites operation - MediaType: tv, MediaID: 1396, isFavorite: false
2025-09-19 20:00:25.608 [main] DEBUG tmdbservices.account.AddRemoveFavorites - Configuration loaded - BaseURI: https://api.themoviedb.org/3/, AccountID: 21967484
2025-09-19 20:00:25.609 [main] DEBUG tmdbservices.account.AddRemoveFavorites - Populating JSON template from path: C:\Users\sergious.beryl\git\TMDB_Automation\TMDBapi-Automation//src//test//resources//jasonPayload_Templates//Favorites.json
2025-09-19 20:00:25.611 [main] DEBUG tmdbservices.account.AddRemoveFavorites - Request body populated: {
    "media_type": "tv",
    "media_id": 1396,
    "favorite": false
}
2025-09-19 20:00:25.611 [main] INFO  tmdbservices.account.AddRemoveFavorites - Sending API request to add/remove favorites
2025-09-19 20:00:26.573 [main] DEBUG tmdbservices.account.AddRemoveFavorites - API Response - Status: 200, Body: {"success":true,"status_code":13,"status_message":"The item/record was deleted successfully."}
2025-09-19 20:00:26.574 [main] INFO  tmdbservices.account.AddRemoveFavorites - API request completed in 951 ms
2025-09-19 20:00:26.624 [main] INFO  tmdbservices.account.AddRemoveFavorites - Successfully completed addRemoveFavorites operation
2025-09-19 20:00:26.630 [main] INFO  tmdbservices.account.AddRemoveFavorites - Starting addRemoveFavorites operation - MediaType: tv, MediaID: 1429, isFavorite: false
2025-09-19 20:00:26.631 [main] DEBUG tmdbservices.account.AddRemoveFavorites - Configuration loaded - BaseURI: https://api.themoviedb.org/3/, AccountID: 21967484
2025-09-19 20:00:26.631 [main] DEBUG tmdbservices.account.AddRemoveFavorites - Populating JSON template from path: C:\Users\sergious.beryl\git\TMDB_Automation\TMDBapi-Automation//src//test//resources//jasonPayload_Templates//Favorites.json
2025-09-19 20:00:26.634 [main] DEBUG tmdbservices.account.AddRemoveFavorites - Request body populated: {
    "media_type": "tv",
    "media_id": 1429,
    "favorite": false
}
2025-09-19 20:00:26.635 [main] INFO  tmdbservices.account.AddRemoveFavorites - Sending API request to add/remove favorites
2025-09-19 20:00:27.534 [main] DEBUG tmdbservices.account.AddRemoveFavorites - API Response - Status: 200, Body: {"success":true,"status_code":13,"status_message":"The item/record was deleted successfully."}
2025-09-19 20:00:27.535 [main] INFO  tmdbservices.account.AddRemoveFavorites - API request completed in 889 ms
2025-09-19 20:00:27.598 [main] INFO  tmdbservices.account.AddRemoveFavorites - Successfully completed addRemoveFavorites operation
2025-09-19 20:00:27.603 [main] INFO  tmdbservices.account.AddRemoveFavorites - Starting addRemoveFavorites operation - MediaType: movie, MediaID: 496243, isFavorite: true
2025-09-19 20:00:27.604 [main] DEBUG tmdbservices.account.AddRemoveFavorites - Configuration loaded - BaseURI: https://api.themoviedb.org/3/, AccountID: 21967484
2025-09-19 20:00:27.604 [main] DEBUG tmdbservices.account.AddRemoveFavorites - Populating JSON template from path: C:\Users\sergious.beryl\git\TMDB_Automation\TMDBapi-Automation//src//test//resources//jasonPayload_Templates//Favorites.json
2025-09-19 20:00:27.608 [main] DEBUG tmdbservices.account.AddRemoveFavorites - Request body populated: {
    "media_type": "movie",
    "media_id": 496243,
    "favorite": true
}
2025-09-19 20:00:27.608 [main] INFO  tmdbservices.account.AddRemoveFavorites - Sending API request to add/remove favorites
2025-09-19 20:00:28.884 [main] DEBUG tmdbservices.account.AddRemoveFavorites - API Response - Status: 201, Body: {"success":true,"status_code":1,"status_message":"Success."}
2025-09-19 20:00:28.884 [main] INFO  tmdbservices.account.AddRemoveFavorites - API request completed in 1266 ms
2025-09-19 20:00:28.919 [main] INFO  tmdbservices.account.AddRemoveFavorites - Successfully completed addRemoveFavorites operation
2025-09-19 20:00:28.923 [main] INFO  tmdbservices.account.AddRemoveFavorites - Starting addRemoveFavorites operation - MediaType: movie, MediaID: 278, isFavorite: true
2025-09-19 20:00:28.923 [main] DEBUG tmdbservices.account.AddRemoveFavorites - Configuration loaded - BaseURI: https://api.themoviedb.org/3/, AccountID: 21967484
2025-09-19 20:00:28.924 [main] DEBUG tmdbservices.account.AddRemoveFavorites - Populating JSON template from path: C:\Users\sergious.beryl\git\TMDB_Automation\TMDBapi-Automation//src//test//resources//jasonPayload_Templates//Favorites.json
2025-09-19 20:00:28.926 [main] DEBUG tmdbservices.account.AddRemoveFavorites - Request body populated: {
    "media_type": "movie",
    "media_id": 278,
    "favorite": true
}
2025-09-19 20:00:28.926 [main] INFO  tmdbservices.account.AddRemoveFavorites - Sending API request to add/remove favorites
2025-09-19 20:00:29.866 [main] DEBUG tmdbservices.account.AddRemoveFavorites - API Response - Status: 201, Body: {"success":true,"status_code":1,"status_message":"Success."}
2025-09-19 20:00:29.866 [main] INFO  tmdbservices.account.AddRemoveFavorites - API request completed in 930 ms
2025-09-19 20:00:29.919 [main] INFO  tmdbservices.account.AddRemoveFavorites - Successfully completed addRemoveFavorites operation
2025-09-19 20:00:29.929 [main] INFO  tmdbservices.account.AddRemoveFavorites - Starting addRemoveFavorites operation - MediaType: tv, MediaID: 1396, isFavorite: true
2025-09-19 20:00:29.930 [main] DEBUG tmdbservices.account.AddRemoveFavorites - Configuration loaded - BaseURI: https://api.themoviedb.org/3/, AccountID: 21967484
2025-09-19 20:00:29.930 [main] DEBUG tmdbservices.account.AddRemoveFavorites - Populating JSON template from path: C:\Users\sergious.beryl\git\TMDB_Automation\TMDBapi-Automation//src//test//resources//jasonPayload_Templates//Favorites.json
2025-09-19 20:00:29.933 [main] DEBUG tmdbservices.account.AddRemoveFavorites - Request body populated: {
    "media_type": "tv",
    "media_id": 1396,
    "favorite": true
}
2025-09-19 20:00:29.934 [main] INFO  tmdbservices.account.AddRemoveFavorites - Sending API request to add/remove favorites
2025-09-19 20:00:30.866 [main] DEBUG tmdbservices.account.AddRemoveFavorites - API Response - Status: 201, Body: {"success":true,"status_code":1,"status_message":"Success."}
2025-09-19 20:00:30.866 [main] INFO  tmdbservices.account.AddRemoveFavorites - API request completed in 917 ms
2025-09-19 20:00:30.923 [main] INFO  tmdbservices.account.AddRemoveFavorites - Successfully completed addRemoveFavorites operation
2025-09-19 20:00:30.928 [main] INFO  tmdbservices.account.AddRemoveFavorites - Starting addRemoveFavorites operation - MediaType: tv, MediaID: 1429, isFavorite: true
2025-09-19 20:00:30.929 [main] DEBUG tmdbservices.account.AddRemoveFavorites - Configuration loaded - BaseURI: https://api.themoviedb.org/3/, AccountID: 21967484
2025-09-19 20:00:30.929 [main] DEBUG tmdbservices.account.AddRemoveFavorites - Populating JSON template from path: C:\Users\sergious.beryl\git\TMDB_Automation\TMDBapi-Automation//src//test//resources//jasonPayload_Templates//Favorites.json
2025-09-19 20:00:30.932 [main] DEBUG tmdbservices.account.AddRemoveFavorites - Request body populated: {
    "media_type": "tv",
    "media_id": 1429,
    "favorite": true
}
2025-09-19 20:00:30.933 [main] INFO  tmdbservices.account.AddRemoveFavorites - Sending API request to add/remove favorites
2025-09-19 20:00:31.846 [main] DEBUG tmdbservices.account.AddRemoveFavorites - API Response - Status: 201, Body: {"success":true,"status_code":1,"status_message":"Success."}
2025-09-19 20:00:31.846 [main] INFO  tmdbservices.account.AddRemoveFavorites - API request completed in 902 ms
2025-09-19 20:00:31.921 [main] INFO  tmdbservices.account.AddRemoveFavorites - Successfully completed addRemoveFavorites operation
2025-09-19 20:00:33.175 [main] INFO  org.testng.internal.Utils - [TestNG] Time taken by org.testng.reporters.jq.Main@254513e8: 181 ms
2025-09-19 20:00:33.178 [main] INFO  org.testng.internal.Utils - [TestNG] Time taken by org.testng.reporters.FailedReporter@74f89bad: 3 ms
2025-09-19 20:00:33.213 [main] INFO  org.testng.internal.Utils - [TestNG] Time taken by org.testng.reporters.XMLReporter@47f0e078: 34 ms
2025-09-19 20:00:33.255 [main] INFO  org.testng.internal.Utils - [TestNG] Time taken by org.testng.reporters.EmailableReporter2@44392e64: 41 ms
2025-09-19 20:00:33.277 [main] INFO  org.testng.internal.Utils - [TestNG] Time taken by org.testng.reporters.JUnitReportReporter@306c9b2c: 21 ms
2025-09-19 20:00:33.277 [main] INFO  org.testng.internal.Utils - [TestNG] Time taken by org.testng.internal.ExitCodeListener@1ab28416: 0 ms
